#
# A fatal error has been detected by the Java Runtime Environment:
#
#  SIGSEGV (0xb) at pc=0x00000001048d7344, pid=53829, tid=17667
#
# JRE version: Java(TM) SE Runtime Environment (8.0_72-b15) (build 1.8.0_72-b15)
# Java VM: Java HotSpot(TM) 64-Bit Server VM (25.72-b15 mixed mode bsd-amd64 compressed oops)
# Problematic frame:
# V  [libjvm.dylib+0x2b1344]  binary_search(Array<Method*>*, Symbol*)+0x2c
#
# Failed to write core dump. Core dumps have been disabled. To enable core dumping, try "ulimit -c unlimited" before starting Java again
#
# If you would like to submit a bug report, please visit:
#   http://bugreport.java.com/bugreport/crash.jsp
#

---------------  T H R E A D  ---------------

Current thread (0x00007fbda2008800):  JavaThread "C1 CompilerThread2" daemon [_thread_in_vm, id=17667, stack(0x000000011c915000,0x000000011ca15000)]

siginfo: si_signo: 11 (SIGSEGV), si_code: 1 (SEGV_MAPERR), si_addr: 0x000000000003ab23

Registers:
RAX=0x0000000000000003, RBX=0x0000000000000001, RCX=0x0000000000000004, RDX=0x0000000000000003
RSP=0x000000011ca13600, RBP=0x000000011ca13600, RSI=0x00007fbda7133010, RDI=0x0000000121987368
R8 =0x0000000000000013, R9 =0x0000000000007558, R10=0x0000000000000001, R11=0x00007fbc85eaad20
R12=0x000000011ca13b20, R13=0x000000011ca13bb8, R14=0x0000000121987368, R15=0x00000007c08de9f8
RIP=0x00000001048d7344, EFLAGS=0x0000000000010207, ERR=0x0000000000000004
  TRAPNO=0x000000000000000e

Top of Stack: (sp=0x000000011ca13600)
0x000000011ca13600:   000000011ca13650 00000001048d7432
0x000000011ca13610:   00000000a4e3c700 00007fbda7133010
0x000000011ca13620:   00007fbda7133030 0000000121987368
0x000000011ca13630:   000000011ca13b20 000000011ca13bb8
0x000000011ca13640:   00007fbda7133010 00000007c08de9f8
0x000000011ca13650:   000000011ca13670 00000001048d75bb
0x000000011ca13660:   00007fbda0ee46a0 00007fbda7133030
0x000000011ca13670:   000000011ca136a0 00000001048d7601
0x000000011ca13680:   00007fbda35f10e0 00007fbda7133030
0x000000011ca13690:   00007fbda7133010 00000007c08de9f8
0x000000011ca136a0:   000000011ca13700 00000001049eaf08
0x000000011ca136b0:   0000000100000000 00000007c0678bc8
0x000000011ca136c0:   000000011ca13740 00000001049ea5f5
0x000000011ca136d0:   00000001214b9880 000000011ca13b20
0x000000011ca136e0:   00007fbda2008800 000000011ca13bb8
0x000000011ca136f0:   00000007c08de9f8 00007fbda2008800
0x000000011ca13700:   000000011ca138d0 00000001049eb96a
0x000000011ca13710:   00007fbda2008800 000000011ca13a70
0x000000011ca13720:   00007fbda0e074a8 00000001a2008800
0x000000011ca13730:   00000007c08dd2c0 00007fbda7133010
0x000000011ca13740:   00007fbda7133030 00000001049ebe85
0x000000011ca13750:   00007fbda2008800 0000000000000000
0x000000011ca13760:   000000011ca13780 00000001047927bd
0x000000011ca13770:   00000007c0678bc8 00007fbda35f10e0
0x000000011ca13780:   00007fbda0ee46a0 00007fbda0e07420
0x000000011ca13790:   00007fbda4e36a00 00007fbda4e3d430
0x000000011ca137a0:   00007fbda4e3e9e8 0000000000090108
0x000000011ca137b0:   0000000104ecd630 000000011ca14700
0x000000011ca137c0:   00007fbda4e3cac0 0000000100000019
0x000000011ca137d0:   0000000000000000 00007fbda4e3cc00
0x000000011ca137e0:   0000000000000000 0000000104774200
0x000000011ca137f0:   00007fbda4e3cc90 0000000000000004 

Instructions: (pc=0x00000001048d7344)
0x00000001048d7324:   ff c0 89 c2 eb 2d 8d 04 11 d1 f8 4c 63 c0 4e 8b
0x00000001048d7334:   44 c7 08 4d 8b 40 08 45 0f b7 48 20 4d 8b 40 08
0x00000001048d7344:   4f 8b 44 c8 50 49 39 f0 72 d6 49 39 f0 74 0d ff
0x00000001048d7354:   c8 89 c1 39 ca 7e cf b8 ff ff ff ff 5d c3 55 48 

Register to memory mapping:

RAX=0x0000000000000003 is an unknown value
RBX=0x0000000000000001 is an unknown value
RCX=0x0000000000000004 is an unknown value
RDX=0x0000000000000003 is an unknown value
RSP=0x000000011ca13600 is pointing into the stack for thread: 0x00007fbda2008800
RBP=0x000000011ca13600 is pointing into the stack for thread: 0x00007fbda2008800
RSI=0x00007fbda7133010 is an unknown value
RDI=0x0000000121987368 is pointing into metadata
R8 =0x0000000000000013 is an unknown value
R9 =0x0000000000007558 is an unknown value
R10=0x0000000000000001 is an unknown value
R11=0x00007fbc85eaad20 is an unknown value
R12=0x000000011ca13b20 is pointing into the stack for thread: 0x00007fbda2008800
R13=0x000000011ca13bb8 is pointing into the stack for thread: 0x00007fbda2008800
R14=0x0000000121987368 is pointing into metadata
R15=0x00000007c08de9f8 is pointing into metadata


Stack: [0x000000011c915000,0x000000011ca15000],  sp=0x000000011ca13600,  free space=1017k
Native frames: (J=compiled Java code, j=interpreted, Vv=VM code, C=native code)
V  [libjvm.dylib+0x2b1344]  binary_search(Array<Method*>*, Symbol*)+0x2c
V  [libjvm.dylib+0x2b1432]  InstanceKlass::find_method_index(Array<Method*>*, Symbol*, Symbol*, bool, bool)+0x2a
V  [libjvm.dylib+0x2b15bb]  InstanceKlass::find_method_impl(Symbol*, Symbol*, bool) const+0x1b
V  [libjvm.dylib+0x2b1601]  InstanceKlass::uncached_lookup_method(Symbol*, Symbol*, Klass::MethodLookupMode) const+0x2f
V  [libjvm.dylib+0x3c4f08]  LinkResolver::lookup_method_in_klasses(methodHandle&, KlassHandle, Symbol*, Symbol*, bool, bool, Thread*)+0x3c
V  [libjvm.dylib+0x3c596a]  LinkResolver::resolve_method(methodHandle&, KlassHandle, Symbol*, Symbol*, KlassHandle, bool, bool, Thread*)+0x7e
V  [libjvm.dylib+0x3c5ee5]  LinkResolver::linktime_resolve_virtual_method(methodHandle&, KlassHandle, Symbol*, Symbol*, KlassHandle, bool, Thread*)+0x47
V  [libjvm.dylib+0x3c6134]  LinkResolver::linktime_resolve_virtual_method_or_null(KlassHandle, Symbol*, Symbol*, KlassHandle, bool)+0x6a
V  [libjvm.dylib+0x162965]  ciEnv::lookup_method(InstanceKlass*, InstanceKlass*, Symbol*, Symbol*, Bytecodes::Code)+0x2bf
V  [libjvm.dylib+0x163b3f]  ciEnv::get_method_by_index_impl(constantPoolHandle, int, Bytecodes::Code, ciInstanceKlass*)+0x2a5
V  [libjvm.dylib+0x163c47]  ciEnv::get_method_by_index(constantPoolHandle, int, Bytecodes::Code, ciInstanceKlass*)+0x97
V  [libjvm.dylib+0x174c85]  ciBytecodeStream::get_method(bool&, ciSignature**)+0x119
V  [libjvm.dylib+0xf302f]  GraphBuilder::invoke(Bytecodes::Code)+0x33
V  [libjvm.dylib+0xf6101]  GraphBuilder::iterate_bytecodes_for_block(int)+0x2449
V  [libjvm.dylib+0xf298b]  GraphBuilder::iterate_all_blocks(bool)+0x2d
V  [libjvm.dylib+0xf27fe]  GraphBuilder::try_inline_full(ciMethod*, bool, Bytecodes::Code, Instruction*)+0x98c
V  [libjvm.dylib+0xf2afe]  GraphBuilder::try_inline(ciMethod*, bool, Bytecodes::Code, Instruction*)+0xde
V  [libjvm.dylib+0xf3a56]  GraphBuilder::invoke(Bytecodes::Code)+0xa5a
V  [libjvm.dylib+0xf6101]  GraphBuilder::iterate_bytecodes_for_block(int)+0x2449
V  [libjvm.dylib+0xf29cd]  GraphBuilder::iterate_all_blocks(bool)+0x6f
V  [libjvm.dylib+0xf6ec1]  GraphBuilder::GraphBuilder(Compilation*, IRScope*)+0x2cd
V  [libjvm.dylib+0xfc396]  IRScope::IRScope(Compilation*, IRScope*, int, ciMethod*, int, bool)+0x154
V  [libjvm.dylib+0xfc447]  IR::IR(Compilation*, ciMethod*, int)+0x85
V  [libjvm.dylib+0xe763f]  Compilation::build_hir()+0xa7
V  [libjvm.dylib+0xe77ce]  Compilation::compile_java_method()+0x58
V  [libjvm.dylib+0xe79f7]  Compilation::compile_method()+0x6d
V  [libjvm.dylib+0xe7c0c]  Compilation::Compilation(AbstractCompiler*, ciEnv*, ciMethod*, int, BufferBlob*)+0x1a2
V  [libjvm.dylib+0xe838e]  Compiler::compile_method(ciEnv*, ciMethod*, int)+0x90
V  [libjvm.dylib+0x1b472a]  CompileBroker::invoke_compiler_on_method(CompileTask*)+0x5b2
V  [libjvm.dylib+0x1b6c71]  CompileBroker::compiler_thread_loop()+0x291
V  [libjvm.dylib+0x560e03]  JavaThread::thread_main_inner()+0x9b
V  [libjvm.dylib+0x5624fe]  JavaThread::run()+0x1c2
V  [libjvm.dylib+0x482eda]  java_start(Thread*)+0xf6
C  [libsystem_pthread.dylib+0x405a]  _pthread_body+0x83
C  [libsystem_pthread.dylib+0x3fd7]  _pthread_body+0x0
C  [libsystem_pthread.dylib+0x13ed]  thread_start+0xd
C  0x0000000000000000


Current CompileTask:
C1:20270270 36568       3       com.sun.tools.javac.main.JavaCompiler::parse (197 bytes)


---------------  P R O C E S S  ---------------

Java Threads: ( => current thread )
  0x00007fbda7e90000 JavaThread "process reaper" daemon [_thread_blocked, id=38507, stack(0x000000011f7c7000,0x000000011f7ef000)]
  0x00007fbda5815800 JavaThread "process reaper" daemon [_thread_blocked, id=45259, stack(0x000000011f79c000,0x000000011f7c4000)]
  0x00007fbda6b03800 JavaThread "process reaper" daemon [_thread_blocked, id=37943, stack(0x000000011f06d000,0x000000011f095000)]
  0x00007fbda4976800 JavaThread "process reaper" daemon [_thread_blocked, id=60955, stack(0x000000011f042000,0x000000011f06a000)]
  0x00007fbda5813000 JavaThread "process reaper" daemon [_thread_blocked, id=52579, stack(0x000000011edff000,0x000000011ee27000)]
  0x00007fbda6dec000 JavaThread "process reaper" daemon [_thread_blocked, id=33619, stack(0x000000011eaae000,0x000000011ead6000)]
  0x00007fbda5812800 JavaThread "process reaper" daemon [_thread_blocked, id=56519, stack(0x000000011ea83000,0x000000011eaab000)]
  0x00007fbda4b8b000 JavaThread "process reaper" daemon [_thread_blocked, id=42131, stack(0x000000011e1e6000,0x000000011e20e000)]
  0x00007fbda24e0800 JavaThread "process reaper" daemon [_thread_blocked, id=48039, stack(0x000000011e1bb000,0x000000011e1e3000)]
  0x00007fbda24df800 JavaThread "process reaper" daemon [_thread_blocked, id=28335, stack(0x000000011e124000,0x000000011e14c000)]
  0x00007fbda4eb5800 JavaThread "process reaper" daemon [_thread_blocked, id=65211, stack(0x000000011e0ca000,0x000000011e0f2000)]
  0x00007fbda1d97800 JavaThread "process reaper" daemon [_thread_blocked, id=59235, stack(0x000000011e09f000,0x000000011e0c7000)]
  0x00007fbda1d94000 JavaThread "process reaper" daemon [_thread_blocked, id=40019, stack(0x000000011d2d5000,0x000000011d2fd000)]
  0x00007fbda2312000 JavaThread "process reaper" daemon [_thread_blocked, id=42779, stack(0x000000011d235000,0x000000011d25d000)]
  0x00007fbda79d3800 JavaThread "process reaper" daemon [_thread_blocked, id=57027, stack(0x000000011ce8c000,0x000000011ceb4000)]
  0x00007fbda2763000 JavaThread "process reaper" daemon [_thread_blocked, id=57243, stack(0x000000011ce4a000,0x000000011ce72000)]
  0x00007fbda5826000 JavaThread "process reaper" daemon [_thread_blocked, id=42463, stack(0x000000011ce0b000,0x000000011ce33000)]
  0x00007fbda79d1000 JavaThread "process reaper" daemon [_thread_blocked, id=61679, stack(0x000000011ae82000,0x000000011aeaa000)]
  0x00007fbda28f8000 JavaThread "process reaper" daemon [_thread_blocked, id=39647, stack(0x000000011adaf000,0x000000011add7000)]
  0x00007fbda7c50000 JavaThread "process reaper" daemon [_thread_blocked, id=65687, stack(0x000000011ad34000,0x000000011ad5c000)]
  0x00007fbda2f53000 JavaThread "pool-542-thread-4" [_thread_blocked, id=12399, stack(0x0000000121261000,0x0000000121361000)]
  0x00007fbda79c4000 JavaThread "pool-542-thread-3" [_thread_blocked, id=21915, stack(0x000000012096b000,0x0000000120a6b000)]
  0x00007fbda7b8d000 JavaThread "pool-542-thread-2" [_thread_blocked, id=50535, stack(0x000000011ecfc000,0x000000011edfc000)]
  0x00007fbda4804800 JavaThread "pool-542-thread-1" [_thread_blocked, id=47583, stack(0x000000011e980000,0x000000011ea80000)]
  0x00007fbda7fa1000 JavaThread "Stdin handler" [_thread_blocked, id=23715, stack(0x000000011df9c000,0x000000011e09c000)]
  0x00007fbda5f0f000 JavaThread "Daemon worker Thread 46" [_thread_in_Java, id=56827, stack(0x000000011db1e000,0x000000011dc1e000)]
  0x00007fbda61ce000 JavaThread "Cancel handler" [_thread_blocked, id=48407, stack(0x000000011d81b000,0x000000011d91b000)]
  0x00007fbda612b800 JavaThread "Handler for socket connection from /127.0.0.1:58312 to /127.0.0.1:64012" [_thread_in_native, id=21735, stack(0x000000011d718000,0x000000011d818000)]
  0x00007fbda23e8800 JavaThread "Daemon Thread 46" [_thread_blocked, id=19939, stack(0x000000011d615000,0x000000011d715000)]
  0x00007fbda5e9d800 JavaThread "pool-11-thread-4" [_thread_blocked, id=34359, stack(0x0000000121d76000,0x0000000121e76000)]
  0x00007fbda5e9c800 JavaThread "pool-11-thread-3" [_thread_blocked, id=22051, stack(0x0000000121c73000,0x0000000121d73000)]
  0x00007fbda670a000 JavaThread "pool-11-thread-1" [_thread_blocked, id=35615, stack(0x0000000121b70000,0x0000000121c70000)]
  0x00007fbda5ed6800 JavaThread "pool-11-thread-2" [_thread_blocked, id=29723, stack(0x0000000121a6d000,0x0000000121b6d000)]
  0x00007fbda2ac5000 JavaThread "File lock request listener" [_thread_in_native, id=22275, stack(0x000000011e216000,0x000000011e316000)]
  0x00007fbda127f000 JavaThread "Incoming local TCP Connector on port 58312" [_thread_in_native, id=19203, stack(0x000000011d512000,0x000000011d612000)]
  0x00007fbda189b000 JavaThread "Service Thread" daemon [_thread_blocked, id=18179, stack(0x000000011ca18000,0x000000011cb18000)]
=>0x00007fbda2008800 JavaThread "C1 CompilerThread2" daemon [_thread_in_vm, id=17667, stack(0x000000011c915000,0x000000011ca15000)]
  0x00007fbda189a800 JavaThread "C2 CompilerThread1" daemon [_thread_in_native, id=17155, stack(0x000000011c812000,0x000000011c912000)]
  0x00007fbda2823000 JavaThread "C2 CompilerThread0" daemon [_thread_blocked, id=16643, stack(0x000000011c70f000,0x000000011c80f000)]
  0x00007fbda102a800 JavaThread "Signal Dispatcher" daemon [_thread_blocked, id=12563, stack(0x000000011c60c000,0x000000011c70c000)]
  0x00007fbda1835000 JavaThread "Finalizer" daemon [_thread_blocked, id=11523, stack(0x000000011abf8000,0x000000011acf8000)]
  0x00007fbda281c000 JavaThread "Reference Handler" daemon [_thread_blocked, id=11011, stack(0x000000011aaf5000,0x000000011abf5000)]
  0x00007fbda1802800 JavaThread "main" [_thread_blocked, id=4867, stack(0x0000000105e01000,0x0000000105f01000)]

Other Threads:
  0x00007fbda2819800 VMThread [stack: 0x000000011a9f2000,0x000000011aaf2000] [id=10499]
  0x00007fbda1031800 WatcherThread [stack: 0x000000011cb1b000,0x000000011cc1b000] [id=18691]

VM state:not at safepoint (normal execution)

VM Mutex/Monitor currently owned by a thread: None

Heap:
 PSYoungGen      total 450560K, used 298666K [0x00000007a0000000, 0x00000007be800000, 0x00000007c0000000)
  eden space 412160K, 68% used [0x00000007a0000000,0x00000007b154e920,0x00000007b9280000)
  from space 38400K, 38% used [0x00000007bb780000,0x00000007bc5dc010,0x00000007bdd00000)
  to   space 37888K, 0% used [0x00000007b9280000,0x00000007b9280000,0x00000007bb780000)
 ParOldGen       total 326144K, used 46139K [0x0000000760000000, 0x0000000773e80000, 0x00000007a0000000)
  object space 326144K, 14% used [0x0000000760000000,0x0000000762d0ec78,0x0000000773e80000)
 Metaspace       used 81828K, capacity 92320K, committed 97536K, reserved 1134592K
  class space    used 10247K, capacity 10656K, committed 12032K, reserved 1048576K

Card table byte_map: [0x00000001152f8000,0x00000001155f9000] byte_map_base: 0x00000001117f8000

Marking Bits: (ParMarkBitMap*) 0x0000000104f09ea0
 Begin Bits: [0x0000000115c05000, 0x0000000117405000)
 End Bits:   [0x0000000117405000, 0x0000000118c05000)

Polling page: 0x00000001055da000

CodeCache: size=245760Kb used=98947Kb max_used=99118Kb free=146812Kb
 bounds [0x0000000105f38000, 0x000000010c0b8000, 0x0000000114f38000]
 total_blobs=24437 nmethods=23650 adapters=697
 compilation: enabled

Compilation events (10 events):
Event: 20270.000 Thread 0x00007fbda189a800 36563       4       com.android.manifmerger.Actions$Record::<init> (44 bytes)
Event: 20270.002 Thread 0x00007fbda189a800 nmethod 36563 0x0000000109fcb350 code [0x0000000109fcb4a0, 0x0000000109fcb5d8]
Event: 20270.005 Thread 0x00007fbda2823000 36564       4       org.gradle.internal.serialize.BaseSerializerFactory$LongSerializer::write (10 bytes)
Event: 20270.016 Thread 0x00007fbda2823000 nmethod 36564 0x000000010c0a9790 code [0x000000010c0a9920, 0x000000010c0a9c58]
Event: 20270.079 Thread 0x00007fbda189a800 36565       4       java.util.concurrent.SynchronousQueue$TransferStack::awaitFulfill (166 bytes)
Event: 20270.089 Thread 0x00007fbda189a800 nmethod 36565 0x00000001066c4950 code [0x00000001066c4ac0, 0x00000001066c4f58]
Event: 20270.154 Thread 0x00007fbda2823000 36566       4       com.sun.tools.javac.parser.Scanner::ensureLookahead (39 bytes)
Event: 20270.163 Thread 0x00007fbda189a800 36567       4       java.util.regex.Pattern::addFlag (217 bytes)
Event: 20270.164 Thread 0x00007fbda2008800 36568       3       com.sun.tools.javac.main.JavaCompiler::parse (197 bytes)
Event: 20270.166 Thread 0x00007fbda2823000 nmethod 36566 0x000000010b0835d0 code [0x000000010b083760, 0x000000010b083be8]

GC Heap History (10 events):
Event: 17020.960 GC heap before
{Heap before GC invocations=184 (full 53):
 PSYoungGen      total 441344K, used 14845K [0x00000007a0000000, 0x00000007bf480000, 0x00000007c0000000)
  eden space 426496K, 0% used [0x00000007a0000000,0x00000007a0000000,0x00000007ba080000)
  from space 14848K, 99% used [0x00000007ba080000,0x00000007baeff560,0x00000007baf00000)
  to   space 43008K, 0% used [0x00000007bca80000,0x00000007bca80000,0x00000007bf480000)
 ParOldGen       total 326144K, used 50553K [0x0000000760000000, 0x0000000773e80000, 0x00000007a0000000)
  object space 326144K, 15% used [0x0000000760000000,0x000000076315e7a0,0x0000000773e80000)
 Metaspace       used 84496K, capacity 96594K, committed 97280K, reserved 1134592K
  class space    used 10800K, capacity 11635K, committed 12032K, reserved 1048576K
Event: 17021.497 GC heap after
Heap after GC invocations=184 (full 53):
 PSYoungGen      total 441344K, used 0K [0x00000007a0000000, 0x00000007bf480000, 0x00000007c0000000)
  eden space 426496K, 0% used [0x00000007a0000000,0x00000007a0000000,0x00000007ba080000)
  from space 14848K, 0% used [0x00000007ba080000,0x00000007ba080000,0x00000007baf00000)
  to   space 43008K, 0% used [0x00000007bca80000,0x00000007bca80000,0x00000007bf480000)
 ParOldGen       total 326144K, used 64448K [0x0000000760000000, 0x0000000773e80000, 0x00000007a0000000)
  object space 326144K, 19% used [0x0000000760000000,0x0000000763ef0360,0x0000000773e80000)
 Metaspace       used 84346K, capacity 96244K, committed 97280K, reserved 1134592K
  class space    used 10770K, capacity 11590K, committed 12032K, reserved 1048576K
}
Event: 20166.492 GC heap before
{Heap before GC invocations=185 (full 53):
 PSYoungGen      total 441344K, used 426496K [0x00000007a0000000, 0x00000007bf480000, 0x00000007c0000000)
  eden space 426496K, 100% used [0x00000007a0000000,0x00000007ba080000,0x00000007ba080000)
  from space 14848K, 0% used [0x00000007ba080000,0x00000007ba080000,0x00000007baf00000)
  to   space 43008K, 0% used [0x00000007bca80000,0x00000007bca80000,0x00000007bf480000)
 ParOldGen       total 326144K, used 64448K [0x0000000760000000, 0x0000000773e80000, 0x00000007a0000000)
  object space 326144K, 19% used [0x0000000760000000,0x0000000763ef0360,0x0000000773e80000)
 Metaspace       used 84494K, capacity 96638K, committed 97280K, reserved 1134592K
  class space    used 10806K, capacity 11629K, committed 12032K, reserved 1048576K
Event: 20166.508 GC heap after
Heap after GC invocations=185 (full 53):
 PSYoungGen      total 434688K, used 6928K [0x00000007a0000000, 0x00000007be100000, 0x00000007c0000000)
  eden space 411648K, 0% used [0x00000007a0000000,0x00000007a0000000,0x00000007b9200000)
  from space 23040K, 30% used [0x00000007bca80000,0x00000007bd144010,0x00000007be100000)
  to   space 40448K, 0% used [0x00000007b9200000,0x00000007b9200000,0x00000007bb980000)
 ParOldGen       total 326144K, used 64456K [0x0000000760000000, 0x0000000773e80000, 0x00000007a0000000)
  object space 326144K, 19% used [0x0000000760000000,0x0000000763ef2360,0x0000000773e80000)
 Metaspace       used 84494K, capacity 96638K, committed 97280K, reserved 1134592K
  class space    used 10806K, capacity 11629K, committed 12032K, reserved 1048576K
}
Event: 20168.092 GC heap before
{Heap before GC invocations=186 (full 53):
 PSYoungGen      total 434688K, used 180899K [0x00000007a0000000, 0x00000007be100000, 0x00000007c0000000)
  eden space 411648K, 42% used [0x00000007a0000000,0x00000007aa9e4c48,0x00000007b9200000)
  from space 23040K, 30% used [0x00000007bca80000,0x00000007bd144010,0x00000007be100000)
  to   space 40448K, 0% used [0x00000007b9200000,0x00000007b9200000,0x00000007bb980000)
 ParOldGen       total 326144K, used 64456K [0x0000000760000000, 0x0000000773e80000, 0x00000007a0000000)
  object space 326144K, 19% used [0x0000000760000000,0x0000000763ef2360,0x0000000773e80000)
 Metaspace       used 84760K, capacity 97090K, committed 97536K, reserved 1134592K
  class space    used 10844K, capacity 11749K, committed 12032K, reserved 1048576K
Event: 20168.099 GC heap after
Heap after GC invocations=186 (full 53):
 PSYoungGen      total 415232K, used 3118K [0x00000007a0000000, 0x00000007bdd00000, 0x00000007c0000000)
  eden space 411648K, 0% used [0x00000007a0000000,0x00000007a0000000,0x00000007b9200000)
  from space 3584K, 86% used [0x00000007b9200000,0x00000007b950b810,0x00000007b9580000)
  to   space 38400K, 0% used [0x00000007bb780000,0x00000007bb780000,0x00000007bdd00000)
 ParOldGen       total 326144K, used 64464K [0x0000000760000000, 0x0000000773e80000, 0x00000007a0000000)
  object space 326144K, 19% used [0x0000000760000000,0x0000000763ef4360,0x0000000773e80000)
 Metaspace       used 84760K, capacity 97090K, committed 97536K, reserved 1134592K
  class space    used 10844K, capacity 11749K, committed 12032K, reserved 1048576K
}
Event: 20168.099 GC heap before
{Heap before GC invocations=187 (full 54):
 PSYoungGen      total 415232K, used 3118K [0x00000007a0000000, 0x00000007bdd00000, 0x00000007c0000000)
  eden space 411648K, 0% used [0x00000007a0000000,0x00000007a0000000,0x00000007b9200000)
  from space 3584K, 86% used [0x00000007b9200000,0x00000007b950b810,0x00000007b9580000)
  to   space 38400K, 0% used [0x00000007bb780000,0x00000007bb780000,0x00000007bdd00000)
 ParOldGen       total 326144K, used 64464K [0x0000000760000000, 0x0000000773e80000, 0x00000007a0000000)
  object space 326144K, 19% used [0x0000000760000000,0x0000000763ef4360,0x0000000773e80000)
 Metaspace       used 84760K, capacity 97090K, committed 97536K, reserved 1134592K
  class space    used 10844K, capacity 11749K, committed 12032K, reserved 1048576K
Event: 20168.504 GC heap after
Heap after GC invocations=187 (full 54):
 PSYoungGen      total 415232K, used 0K [0x00000007a0000000, 0x00000007bdd00000, 0x00000007c0000000)
  eden space 411648K, 0% used [0x00000007a0000000,0x00000007a0000000,0x00000007b9200000)
  from space 3584K, 0% used [0x00000007b9200000,0x00000007b9200000,0x00000007b9580000)
  to   space 38400K, 0% used [0x00000007bb780000,0x00000007bb780000,0x00000007bdd00000)
 ParOldGen       total 326144K, used 46139K [0x0000000760000000, 0x0000000773e80000, 0x00000007a0000000)
  object space 326144K, 14% used [0x0000000760000000,0x0000000762d0ec78,0x0000000773e80000)
 Metaspace       used 81476K, capacity 91558K, committed 97536K, reserved 1134592K
  class space    used 10181K, capacity 10552K, committed 12032K, reserved 1048576K
}
Event: 20266.884 GC heap before
{Heap before GC invocations=188 (full 54):
 PSYoungGen      total 415232K, used 411648K [0x00000007a0000000, 0x00000007bdd00000, 0x00000007c0000000)
  eden space 411648K, 100% used [0x00000007a0000000,0x00000007b9200000,0x00000007b9200000)
  from space 3584K, 0% used [0x00000007b9200000,0x00000007b9200000,0x00000007b9580000)
  to   space 38400K, 0% used [0x00000007bb780000,0x00000007bb780000,0x00000007bdd00000)
 ParOldGen       total 326144K, used 46139K [0x0000000760000000, 0x0000000773e80000, 0x00000007a0000000)
  object space 326144K, 14% used [0x0000000760000000,0x0000000762d0ec78,0x0000000773e80000)
 Metaspace       used 81804K, capacity 92296K, committed 97536K, reserved 1134592K
  class space    used 10245K, capacity 10652K, committed 12032K, reserved 1048576K
Event: 20266.905 GC heap after
Heap after GC invocations=188 (full 54):
 PSYoungGen      total 450560K, used 14704K [0x00000007a0000000, 0x00000007be800000, 0x00000007c0000000)
  eden space 412160K, 0% used [0x00000007a0000000,0x00000007a0000000,0x00000007b9280000)
  from space 38400K, 38% used [0x00000007bb780000,0x00000007bc5dc010,0x00000007bdd00000)
  to   space 37888K, 0% used [0x00000007b9280000,0x00000007b9280000,0x00000007bb780000)
 ParOldGen       total 326144K, used 46139K [0x0000000760000000, 0x0000000773e80000, 0x00000007a0000000)
  object space 326144K, 14% used [0x0000000760000000,0x0000000762d0ec78,0x0000000773e80000)
 Metaspace       used 81804K, capacity 92296K, committed 97536K, reserved 1134592K
  class space    used 10245K, capacity 10652K, committed 12032K, reserved 1048576K
}

Deoptimization events (10 events):
Event: 20167.862 Thread 0x00007fbda4b4d000 Uncommon trap: reason=class_check action=maybe_recompile pc=0x000000010a12d038 method=org.gradle.api.internal.tasks.compile.incremental.jar.JarClasspathSnapshotFactory.createSnapshot(Ljava/lang/Iterable;)Lorg/gradle/api/internal/tasks/compile/incremental/
Event: 20168.511 Thread 0x00007fbda5f0f000 Uncommon trap: reason=unstable_if action=reinterpret pc=0x00000001069dce9c method=java.io.ObjectStreamField.getClassSignature(Ljava/lang/Class;)Ljava/lang/String; @ 92
Event: 20168.512 Thread 0x00007fbda5f0f000 Uncommon trap: reason=unstable_if action=reinterpret pc=0x000000010a042b84 method=java.lang.Class.arrayContentsEq([Ljava/lang/Object;[Ljava/lang/Object;)Z @ 10
Event: 20264.413 Thread 0x00007fbda5f0f000 Uncommon trap: reason=unstable_if action=reinterpret pc=0x00000001091079e8 method=java.lang.ref.SoftReference.get()Ljava/lang/Object; @ 6
Event: 20264.429 Thread 0x00007fbda5f0f000 Uncommon trap: reason=null_check action=make_not_entrant pc=0x0000000106e3f1ac method=org.gradle.api.internal.DynamicPropertyNamer.$getCallSiteArray()[Lorg/codehaus/groovy/runtime/callsite/CallSite; @ 12
Event: 20264.433 Thread 0x00007fbda5f0f000 Uncommon trap: reason=unstable_if action=reinterpret pc=0x000000010b2f80cc method=groovy.lang.MetaClassImpl.populateMethods(Ljava/util/LinkedList;Lorg/codehaus/groovy/reflection/CachedClass;)V @ 315
Event: 20264.639 Thread 0x00007fbda5f0f000 Uncommon trap: reason=array_check action=maybe_recompile pc=0x000000010ae9e7c8 method=java.util.ComparableTimSort.mergeLo(IIII)V @ 587
Event: 20264.639 Thread 0x00007fbda5f0f000 Uncommon trap: reason=array_check action=maybe_recompile pc=0x000000010ae9e6c8 method=java.util.ComparableTimSort.mergeLo(IIII)V @ 465
Event: 20264.647 Thread 0x00007fbda5f0f000 Uncommon trap: reason=array_check action=maybe_recompile pc=0x000000010ae9e7c8 method=java.util.ComparableTimSort.mergeLo(IIII)V @ 587
Event: 20264.665 Thread 0x00007fbda5f0f000 Uncommon trap: reason=unstable_if action=reinterpret pc=0x000000010934df00 method=java.lang.ref.SoftReference.get()Ljava/lang/Object; @ 6

Internal exceptions (10 events):
Event: 20263.872 Thread 0x00007fbda612b800 Exception <a 'java/lang/NoSuchMethodError': <clinit>> (0x00000007a051e188) thrown at [/Users/java_re/workspace/8-2-build-macosx-x86_64/jdk8u72/5732/hotspot/src/share/vm/prims/jni.cpp, line 1591]
Event: 20263.873 Thread 0x00007fbda612b800 Exception <a 'java/lang/NoSuchMethodError': <clinit>> (0x00000007a0539b58) thrown at [/Users/java_re/workspace/8-2-build-macosx-x86_64/jdk8u72/5732/hotspot/src/share/vm/prims/jni.cpp, line 1591]
Event: 20263.876 Thread 0x00007fbda5f0f000 Exception <a 'java/lang/NoSuchMethodError': <clinit>> (0x00000007a06c3820) thrown at [/Users/java_re/workspace/8-2-build-macosx-x86_64/jdk8u72/5732/hotspot/src/share/vm/prims/jni.cpp, line 1591]
Event: 20263.876 Thread 0x00007fbda5f0f000 Exception <a 'java/lang/NoSuchMethodError': <clinit>> (0x00000007a06cba28) thrown at [/Users/java_re/workspace/8-2-build-macosx-x86_64/jdk8u72/5732/hotspot/src/share/vm/prims/jni.cpp, line 1591]
Event: 20263.886 Thread 0x00007fbda5f0f000 Exception <a 'java/lang/NoSuchMethodError': <clinit>> (0x00000007a0718180) thrown at [/Users/java_re/workspace/8-2-build-macosx-x86_64/jdk8u72/5732/hotspot/src/share/vm/prims/jni.cpp, line 1591]
Event: 20263.957 Thread 0x00007fbda5f0f000 Exception <a 'java/lang/ClassNotFoundException': asLocalRepo364_d1tu6336o4jy1fnix94al32hyBeanInfo> (0x00000007a13ad478) thrown at [/Users/java_re/workspace/8-2-build-macosx-x86_64/jdk8u72/5732/hotspot/src/share/vm/classfile/systemDictionary.cpp, line 210]
Event: 20263.957 Thread 0x00007fbda5f0f000 Exception <a 'java/lang/ClassNotFoundException': asLocalRepo364_d1tu6336o4jy1fnix94al32hyCustomizer> (0x00000007a13b8b40) thrown at [/Users/java_re/workspace/8-2-build-macosx-x86_64/jdk8u72/5732/hotspot/src/share/vm/classfile/systemDictionary.cpp, line 21
Event: 20264.429 Thread 0x00007fbda5f0f000 Implicit null exception at 0x0000000106e3f15c to 0x0000000106e3f1a1
Event: 20264.664 Thread 0x00007fbda5f0f000 Implicit null exception at 0x00000001093477a5 to 0x000000010934ded1
Event: 20265.941 Thread 0x00007fbda5f0f000 Exception <a 'java/lang/NoSuchMethodError': <clinit>> (0x00000007af097af0) thrown at [/Users/java_re/workspace/8-2-build-macosx-x86_64/jdk8u72/5732/hotspot/src/share/vm/prims/jni.cpp, line 1591]

Events (10 events):
Event: 20270.078 Thread 0x00007fbda5816000 Thread exited: 0x00007fbda5816000
Event: 20270.079 Thread 0x00007fbda4b4d000 Thread added: 0x00007fbda4b4d000
Event: 20270.079 Thread 0x00007fbda6deb000 Thread added: 0x00007fbda6deb000
Event: 20270.109 Thread 0x00007fbda2fc4000 Thread exited: 0x00007fbda2fc4000
Event: 20270.109 Thread 0x00007fbda6deb000 Thread exited: 0x00007fbda6deb000
Event: 20270.109 Thread 0x00007fbda4b4d000 Thread exited: 0x00007fbda4b4d000
Event: 20270.109 Thread 0x00007fbda4975800 Thread exited: 0x00007fbda4975800
Event: 20270.109 Executing VM operation: RevokeBias
Event: 20270.109 Executing VM operation: RevokeBias done
Event: 20270.109 Thread 0x00007fbda5817800 Thread exited: 0x00007fbda5817800


Dynamic libraries:
0x0000000008093000 	/System/Library/Frameworks/Cocoa.framework/Versions/A/Cocoa
0x0000000008093000 	/System/Library/Frameworks/Security.framework/Versions/A/Security
0x0000000008093000 	/System/Library/Frameworks/ApplicationServices.framework/Versions/A/ApplicationServices
0x0000000008093000 	/usr/lib/libz.1.dylib
0x0000000008093000 	/usr/lib/libSystem.B.dylib
0x0000000008093000 	/usr/lib/libobjc.A.dylib
0x0000000008093000 	/System/Library/Frameworks/CoreFoundation.framework/Versions/A/CoreFoundation
0x0000000008093000 	/System/Library/Frameworks/Foundation.framework/Versions/C/Foundation
0x0000000008093000 	/System/Library/Frameworks/AppKit.framework/Versions/C/AppKit
0x0000000008093000 	/System/Library/Frameworks/CoreData.framework/Versions/A/CoreData
0x0000000008093000 	/System/Library/PrivateFrameworks/RemoteViewServices.framework/Versions/A/RemoteViewServices
0x0000000008093000 	/System/Library/PrivateFrameworks/UIFoundation.framework/Versions/A/UIFoundation
0x0000000008093000 	/System/Library/Frameworks/IOSurface.framework/Versions/A/IOSurface
0x0000000008093000 	/System/Library/Frameworks/AudioToolbox.framework/Versions/A/AudioToolbox
0x0000000008093000 	/System/Library/Frameworks/AudioUnit.framework/Versions/A/AudioUnit
0x0000000008093000 	/System/Library/PrivateFrameworks/DataDetectorsCore.framework/Versions/A/DataDetectorsCore
0x0000000008093000 	/System/Library/PrivateFrameworks/DesktopServicesPriv.framework/Versions/A/DesktopServicesPriv
0x0000000008093000 	/System/Library/Frameworks/Carbon.framework/Versions/A/Frameworks/HIToolbox.framework/Versions/A/HIToolbox
0x0000000008093000 	/System/Library/Frameworks/QuartzCore.framework/Versions/A/QuartzCore
0x0000000008093000 	/System/Library/Frameworks/Carbon.framework/Versions/A/Frameworks/SpeechRecognition.framework/Versions/A/SpeechRecognition
0x0000000008093000 	/usr/lib/libauto.dylib
0x0000000008093000 	/usr/lib/libicucore.A.dylib
0x0000000008093000 	/usr/lib/libxml2.2.dylib
0x0000000008093000 	/System/Library/PrivateFrameworks/CoreUI.framework/Versions/A/CoreUI
0x0000000008093000 	/System/Library/Frameworks/CoreAudio.framework/Versions/A/CoreAudio
0x0000000008093000 	/System/Library/Frameworks/DiskArbitration.framework/Versions/A/DiskArbitration
0x0000000008093000 	/usr/lib/liblangid.dylib
0x0000000008093000 	/System/Library/PrivateFrameworks/MultitouchSupport.framework/Versions/A/MultitouchSupport
0x0000000008093000 	/System/Library/Frameworks/IOKit.framework/Versions/A/IOKit
0x0000000008093000 	/usr/lib/libDiagnosticMessagesClient.dylib
0x0000000008093000 	/System/Library/Frameworks/CoreServices.framework/Versions/A/CoreServices
0x0000000008093000 	/System/Library/PrivateFrameworks/PerformanceAnalysis.framework/Versions/A/PerformanceAnalysis
0x0000000008093000 	/System/Library/PrivateFrameworks/GenerationalStorage.framework/Versions/A/GenerationalStorage
0x0000000008093000 	/System/Library/Frameworks/OpenGL.framework/Versions/A/OpenGL
0x0000000008093000 	/System/Library/PrivateFrameworks/Sharing.framework/Versions/A/Sharing
0x0000000008093000 	/System/Library/Frameworks/CoreGraphics.framework/Versions/A/CoreGraphics
0x0000000008093000 	/System/Library/Frameworks/CoreText.framework/Versions/A/CoreText
0x0000000008093000 	/System/Library/Frameworks/ImageIO.framework/Versions/A/ImageIO
0x0000000008093000 	/usr/lib/libextension.dylib
0x0000000008093000 	/System/Library/PrivateFrameworks/Backup.framework/Versions/A/Backup
0x0000000008093000 	/usr/lib/libarchive.2.dylib
0x0000000008093000 	/System/Library/Frameworks/CFNetwork.framework/Versions/A/CFNetwork
0x0000000008093000 	/System/Library/Frameworks/SystemConfiguration.framework/Versions/A/SystemConfiguration
0x0000000008093000 	/usr/lib/libCRFSuite.dylib
0x0000000008093000 	/usr/lib/libc++.1.dylib
0x0000000008093000 	/usr/lib/libc++abi.dylib
0x0000000008093000 	/usr/lib/system/libcache.dylib
0x0000000008093000 	/usr/lib/system/libcommonCrypto.dylib
0x0000000008093000 	/usr/lib/system/libcompiler_rt.dylib
0x0000000008093000 	/usr/lib/system/libcopyfile.dylib
0x0000000008093000 	/usr/lib/system/libcorecrypto.dylib
0x0000000008093000 	/usr/lib/system/libdispatch.dylib
0x0000000008093000 	/usr/lib/system/libdyld.dylib
0x0000000008093000 	/usr/lib/system/libkeymgr.dylib
0x0000000008093000 	/usr/lib/system/liblaunch.dylib
0x0000000008093000 	/usr/lib/system/libmacho.dylib
0x0000000008093000 	/usr/lib/system/libquarantine.dylib
0x0000000008093000 	/usr/lib/system/libremovefile.dylib
0x0000000008093000 	/usr/lib/system/libsystem_asl.dylib
0x0000000008093000 	/usr/lib/system/libsystem_blocks.dylib
0x0000000008093000 	/usr/lib/system/libsystem_c.dylib
0x0000000008093000 	/usr/lib/system/libsystem_configuration.dylib
0x0000000008093000 	/usr/lib/system/libsystem_coreservices.dylib
0x0000000008093000 	/usr/lib/system/libsystem_coretls.dylib
0x0000000008093000 	/usr/lib/system/libsystem_dnssd.dylib
0x0000000008093000 	/usr/lib/system/libsystem_info.dylib
0x0000000008093000 	/usr/lib/system/libsystem_kernel.dylib
0x0000000008093000 	/usr/lib/system/libsystem_m.dylib
0x0000000008093000 	/usr/lib/system/libsystem_malloc.dylib
0x0000000008093000 	/usr/lib/system/libsystem_network.dylib
0x0000000008093000 	/usr/lib/system/libsystem_networkextension.dylib
0x0000000008093000 	/usr/lib/system/libsystem_notify.dylib
0x0000000008093000 	/usr/lib/system/libsystem_platform.dylib
0x0000000008093000 	/usr/lib/system/libsystem_pthread.dylib
0x0000000008093000 	/usr/lib/system/libsystem_sandbox.dylib
0x0000000008093000 	/usr/lib/system/libsystem_secinit.dylib
0x0000000008093000 	/usr/lib/system/libsystem_stats.dylib
0x0000000008093000 	/usr/lib/system/libsystem_trace.dylib
0x0000000008093000 	/usr/lib/system/libunc.dylib
0x0000000008093000 	/usr/lib/system/libunwind.dylib
0x0000000008093000 	/usr/lib/system/libxpc.dylib
0x0000000008093000 	/usr/lib/libbz2.1.0.dylib
0x0000000008093000 	/usr/lib/liblzma.5.dylib
0x0000000008093000 	/usr/lib/libbsm.0.dylib
0x0000000008093000 	/usr/lib/libsqlite3.dylib
0x0000000008093000 	/usr/lib/system/libkxld.dylib
0x0000000008093000 	/usr/lib/libxar.1.dylib
0x0000000008093000 	/usr/lib/libpam.2.dylib
0x0000000008093000 	/usr/lib/libOpenScriptingUtil.dylib
0x0000000008093000 	/System/Library/Frameworks/CoreServices.framework/Versions/A/Frameworks/FSEvents.framework/Versions/A/FSEvents
0x0000000008093000 	/System/Library/Frameworks/CoreServices.framework/Versions/A/Frameworks/CarbonCore.framework/Versions/A/CarbonCore
0x0000000008093000 	/System/Library/Frameworks/CoreServices.framework/Versions/A/Frameworks/Metadata.framework/Versions/A/Metadata
0x0000000008093000 	/System/Library/Frameworks/CoreServices.framework/Versions/A/Frameworks/OSServices.framework/Versions/A/OSServices
0x0000000008093000 	/System/Library/Frameworks/CoreServices.framework/Versions/A/Frameworks/SearchKit.framework/Versions/A/SearchKit
0x0000000008093000 	/System/Library/Frameworks/CoreServices.framework/Versions/A/Frameworks/AE.framework/Versions/A/AE
0x0000000008093000 	/System/Library/Frameworks/CoreServices.framework/Versions/A/Frameworks/LaunchServices.framework/Versions/A/LaunchServices
0x0000000008093000 	/System/Library/Frameworks/CoreServices.framework/Versions/A/Frameworks/DictionaryServices.framework/Versions/A/DictionaryServices
0x0000000008093000 	/System/Library/Frameworks/NetFS.framework/Versions/A/NetFS
0x0000000008093000 	/System/Library/PrivateFrameworks/NetAuth.framework/Versions/A/NetAuth
0x0000000008093000 	/System/Library/PrivateFrameworks/login.framework/Versions/A/Frameworks/loginsupport.framework/Versions/A/loginsupport
0x0000000008093000 	/System/Library/PrivateFrameworks/TCC.framework/Versions/A/TCC
0x0000000008093000 	/usr/lib/libmecabra.dylib
0x0000000008093000 	/System/Library/Frameworks/ApplicationServices.framework/Versions/A/Frameworks/ATS.framework/Versions/A/ATS
0x0000000008093000 	/System/Library/Frameworks/ApplicationServices.framework/Versions/A/Frameworks/ColorSync.framework/Versions/A/ColorSync
0x0000000008093000 	/System/Library/Frameworks/ApplicationServices.framework/Versions/A/Frameworks/HIServices.framework/Versions/A/HIServices
0x0000000008093000 	/System/Library/Frameworks/ApplicationServices.framework/Versions/A/Frameworks/LangAnalysis.framework/Versions/A/LangAnalysis
0x0000000008093000 	/System/Library/Frameworks/ApplicationServices.framework/Versions/A/Frameworks/PrintCore.framework/Versions/A/PrintCore
0x0000000008093000 	/System/Library/Frameworks/ApplicationServices.framework/Versions/A/Frameworks/QD.framework/Versions/A/QD
0x0000000008093000 	/System/Library/Frameworks/ApplicationServices.framework/Versions/A/Frameworks/SpeechSynthesis.framework/Versions/A/SpeechSynthesis
0x0000000008093000 	/System/Library/Frameworks/Accelerate.framework/Versions/A/Accelerate
0x0000000008093000 	/System/Library/Frameworks/Accelerate.framework/Versions/A/Frameworks/vImage.framework/Versions/A/vImage
0x0000000008093000 	/System/Library/Frameworks/Accelerate.framework/Versions/A/Frameworks/vecLib.framework/Versions/A/vecLib
0x0000000008093000 	/System/Library/Frameworks/Accelerate.framework/Versions/A/Frameworks/vecLib.framework/Versions/A/libvDSP.dylib
0x0000000008093000 	/System/Library/Frameworks/Accelerate.framework/Versions/A/Frameworks/vecLib.framework/Versions/A/libvMisc.dylib
0x0000000008093000 	/System/Library/Frameworks/Accelerate.framework/Versions/A/Frameworks/vecLib.framework/Versions/A/libLAPACK.dylib
0x0000000008093000 	/System/Library/Frameworks/Accelerate.framework/Versions/A/Frameworks/vecLib.framework/Versions/A/libBLAS.dylib
0x0000000008093000 	/System/Library/Frameworks/Accelerate.framework/Versions/A/Frameworks/vecLib.framework/Versions/A/libLinearAlgebra.dylib
0x0000000008093000 	/System/Library/Frameworks/ApplicationServices.framework/Versions/A/Frameworks/ATS.framework/Versions/A/Resources/libFontParser.dylib
0x0000000008093000 	/System/Library/Frameworks/ApplicationServices.framework/Versions/A/Frameworks/ATS.framework/Versions/A/Resources/libFontRegistry.dylib
0x0000000008093000 	/System/Library/PrivateFrameworks/AppleVPA.framework/Versions/A/AppleVPA
0x0000000008093000 	/System/Library/PrivateFrameworks/AppleJPEG.framework/Versions/A/AppleJPEG
0x0000000008093000 	/System/Library/Frameworks/ImageIO.framework/Versions/A/Resources/libJPEG.dylib
0x0000000008093000 	/System/Library/Frameworks/ImageIO.framework/Versions/A/Resources/libTIFF.dylib
0x0000000008093000 	/System/Library/Frameworks/ImageIO.framework/Versions/A/Resources/libPng.dylib
0x0000000008093000 	/System/Library/Frameworks/ImageIO.framework/Versions/A/Resources/libGIF.dylib
0x0000000008093000 	/System/Library/Frameworks/ImageIO.framework/Versions/A/Resources/libJP2.dylib
0x0000000008093000 	/System/Library/Frameworks/ImageIO.framework/Versions/A/Resources/libRadiance.dylib
0x0000000008093000 	/System/Library/Frameworks/CoreVideo.framework/Versions/A/CoreVideo
0x0000000008093000 	/System/Library/Frameworks/OpenGL.framework/Versions/A/Libraries/libGLU.dylib
0x0000000008093000 	/System/Library/Frameworks/OpenGL.framework/Versions/A/Libraries/libGFXShared.dylib
0x0000000008093000 	/System/Library/Frameworks/OpenGL.framework/Versions/A/Libraries/libGL.dylib
0x0000000008093000 	/System/Library/Frameworks/OpenGL.framework/Versions/A/Libraries/libGLImage.dylib
0x0000000008093000 	/System/Library/Frameworks/OpenGL.framework/Versions/A/Libraries/libCVMSPluginSupport.dylib
0x0000000008093000 	/System/Library/Frameworks/OpenGL.framework/Versions/A/Libraries/libCoreVMClient.dylib
0x0000000008093000 	/usr/lib/libcups.2.dylib
0x0000000008093000 	/System/Library/Frameworks/Kerberos.framework/Versions/A/Kerberos
0x0000000008093000 	/System/Library/Frameworks/GSS.framework/Versions/A/GSS
0x0000000008093000 	/usr/lib/libresolv.9.dylib
0x0000000008093000 	/usr/lib/libiconv.2.dylib
0x0000000008093000 	/System/Library/PrivateFrameworks/Heimdal.framework/Versions/A/Heimdal
0x0000000008093000 	/usr/lib/libheimdal-asn1.dylib
0x0000000008093000 	/System/Library/Frameworks/OpenDirectory.framework/Versions/A/OpenDirectory
0x0000000008093000 	/System/Library/PrivateFrameworks/CommonAuth.framework/Versions/A/CommonAuth
0x0000000008093000 	/System/Library/Frameworks/OpenDirectory.framework/Versions/A/Frameworks/CFOpenDirectory.framework/Versions/A/CFOpenDirectory
0x0000000008093000 	/System/Library/Frameworks/SecurityFoundation.framework/Versions/A/SecurityFoundation
0x0000000008093000 	/System/Library/PrivateFrameworks/LanguageModeling.framework/Versions/A/LanguageModeling
0x0000000008093000 	/usr/lib/libcmph.dylib
0x0000000008093000 	/System/Library/Frameworks/ServiceManagement.framework/Versions/A/ServiceManagement
0x0000000008093000 	/usr/lib/libxslt.1.dylib
0x0000000008093000 	/System/Library/Frameworks/Carbon.framework/Versions/A/Frameworks/Ink.framework/Versions/A/Ink
0x0000000008093000 	/System/Library/Frameworks/QuartzCore.framework/Versions/A/Frameworks/CoreImage.framework/Versions/A/CoreImage
0x0000000008093000 	/System/Library/PrivateFrameworks/CrashReporterSupport.framework/Versions/A/CrashReporterSupport
0x0000000008093000 	/System/Library/Frameworks/OpenCL.framework/Versions/A/OpenCL
0x0000000008093000 	/System/Library/PrivateFrameworks/FaceCore.framework/Versions/A/FaceCore
0x0000000008093000 	/System/Library/PrivateFrameworks/Ubiquity.framework/Versions/A/Ubiquity
0x0000000008093000 	/System/Library/PrivateFrameworks/IconServices.framework/Versions/A/IconServices
0x0000000008093000 	/System/Library/PrivateFrameworks/ChunkingLibrary.framework/Versions/A/ChunkingLibrary
0x0000000008093000 	/System/Library/PrivateFrameworks/Apple80211.framework/Versions/A/Apple80211
0x0000000008093000 	/System/Library/Frameworks/CoreWLAN.framework/Versions/A/CoreWLAN
0x0000000008093000 	/System/Library/Frameworks/IOBluetooth.framework/Versions/A/IOBluetooth
0x0000000008093000 	/System/Library/PrivateFrameworks/CoreWiFi.framework/Versions/A/CoreWiFi
0x0000000008093000 	/System/Library/Frameworks/CoreBluetooth.framework/Versions/A/CoreBluetooth
0x0000000008093000 	/System/Library/PrivateFrameworks/DebugSymbols.framework/Versions/A/DebugSymbols
0x0000000008093000 	/System/Library/PrivateFrameworks/CoreSymbolication.framework/Versions/A/CoreSymbolication
0x0000000008093000 	/System/Library/PrivateFrameworks/Symbolication.framework/Versions/A/Symbolication
0x0000000008093000 	/System/Library/PrivateFrameworks/SpeechRecognitionCore.framework/Versions/A/SpeechRecognitionCore
0x0000000104626000 	/Library/Java/JavaVirtualMachines/jdk1.8.0_72.jdk/Contents/Home/jre/lib/server/libjvm.dylib
0x0000000008093000 	/usr/lib/libstdc++.6.dylib
0x00000001055cc000 	/Library/Java/JavaVirtualMachines/jdk1.8.0_72.jdk/Contents/Home/jre/lib/libverify.dylib
0x0000000105f03000 	/Library/Java/JavaVirtualMachines/jdk1.8.0_72.jdk/Contents/Home/jre/lib/libjava.dylib
0x00000001055e4000 	/Library/Java/JavaVirtualMachines/jdk1.8.0_72.jdk/Contents/Home/jre/lib/libzip.dylib
0x000000011acfa000 	/System/Library/Frameworks/JavaVM.framework/Frameworks/JavaRuntimeSupport.framework/JavaRuntimeSupport
0x000000011ad12000 	/System/Library/Frameworks/JavaVM.framework/Versions/A/Frameworks/JavaNativeFoundation.framework/Versions/A/JavaNativeFoundation
0x00000001055ee000 	/System/Library/Frameworks/JavaVM.framework/Versions/A/JavaVM
0x0000000008093000 	/System/Library/Frameworks/Carbon.framework/Versions/A/Carbon
0x000000011ad27000 	/System/Library/PrivateFrameworks/JavaLaunching.framework/Versions/A/JavaLaunching
0x0000000008093000 	/System/Library/Frameworks/Carbon.framework/Versions/A/Frameworks/CommonPanels.framework/Versions/A/CommonPanels
0x0000000008093000 	/System/Library/Frameworks/Carbon.framework/Versions/A/Frameworks/Help.framework/Versions/A/Help
0x0000000008093000 	/System/Library/Frameworks/Carbon.framework/Versions/A/Frameworks/ImageCapture.framework/Versions/A/ImageCapture
0x0000000008093000 	/System/Library/Frameworks/Carbon.framework/Versions/A/Frameworks/OpenScripting.framework/Versions/A/OpenScripting
0x0000000008093000 	/System/Library/Frameworks/Carbon.framework/Versions/A/Frameworks/Print.framework/Versions/A/Print
0x0000000008093000 	/System/Library/Frameworks/Carbon.framework/Versions/A/Frameworks/SecurityHI.framework/Versions/A/SecurityHI
0x000000011cf38000 	/Library/Java/JavaVirtualMachines/jdk1.8.0_72.jdk/Contents/Home/jre/lib/libnet.dylib
0x000000011cfd6000 	/Library/Java/JavaVirtualMachines/jdk1.8.0_72.jdk/Contents/Home/jre/lib/libnio.dylib
0x000000011d026000 	/Users/ZkHaider/.gradle/native/19/osx-amd64/libnative-platform.dylib
0x000000011d303000 	/Library/Java/JavaVirtualMachines/jdk1.8.0_72.jdk/Contents/Home/jre/lib/libmanagement.dylib
0x000000011ad80000 	/Library/Java/JavaVirtualMachines/jdk1.8.0_72.jdk/Contents/Home/jre/lib/libsunec.dylib

VM Arguments:
jvm_args: -Xmx1536m -Dfile.encoding=UTF-8 -Duser.country=US -Duser.language=en -Duser.variant 
java_command: org.gradle.launcher.daemon.bootstrap.GradleDaemon 2.10
java_class_path (initial): /Users/ZkHaider/.gradle/wrapper/dists/gradle-2.10-all/a4w5fzrkeut1ox71xslb49gst/gradle-2.10/lib/gradle-launcher-2.10.jar
Launcher Type: SUN_STANDARD

Environment Variables:
PATH=/usr/bin:/bin:/usr/sbin:/sbin
SHELL=/bin/zsh
DISPLAY=/private/tmp/com.apple.launchd.IYANGjAK1D/org.macosforge.xquartz:0

Signal Handlers:
SIGSEGV: [libjvm.dylib+0x5a6855], sa_mask[0]=11111111011111110111111111111111, sa_flags=SA_ONSTACK|SA_RESTART|SA_SIGINFO
SIGBUS: [libjvm.dylib+0x5a6855], sa_mask[0]=11111111011111110111111111111111, sa_flags=SA_RESTART|SA_SIGINFO
SIGFPE: [libjvm.dylib+0x4804ec], sa_mask[0]=11111111011111110111111111111111, sa_flags=SA_RESTART|SA_SIGINFO
SIGPIPE: [libjvm.dylib+0x4804ec], sa_mask[0]=11111111011111110111111111111111, sa_flags=SA_RESTART|SA_SIGINFO
SIGXFSZ: [libjvm.dylib+0x4804ec], sa_mask[0]=11111111011111110111111111111111, sa_flags=SA_RESTART|SA_SIGINFO
SIGILL: [libjvm.dylib+0x4804ec], sa_mask[0]=11111111011111110111111111111111, sa_flags=SA_RESTART|SA_SIGINFO
SIGUSR1: SIG_DFL, sa_mask[0]=00000000000000000000000000000000, sa_flags=none
SIGUSR2: [libjvm.dylib+0x48000a], sa_mask[0]=00100000000000000000000000000000, sa_flags=SA_RESTART|SA_SIGINFO
SIGHUP: [libjvm.dylib+0x47e5e1], sa_mask[0]=11111111011111110111111111111111, sa_flags=SA_RESTART|SA_SIGINFO
SIGINT: [libjvm.dylib+0x47e5e1], sa_mask[0]=11111111011111110111111111111111, sa_flags=SA_RESTART|SA_SIGINFO
SIGTERM: [libjvm.dylib+0x47e5e1], sa_mask[0]=11111111011111110111111111111111, sa_flags=SA_RESTART|SA_SIGINFO
SIGQUIT: [libjvm.dylib+0x47e5e1], sa_mask[0]=11111111011111110111111111111111, sa_flags=SA_RESTART|SA_SIGINFO


---------------  S Y S T E M  ---------------

OS:Bsduname:Darwin 14.5.0 Darwin Kernel Version 14.5.0: Thu Apr 21 20:40:54 PDT 2016; root:xnu-2782.50.3~1/RELEASE_X86_64 x86_64
rlimit: STACK 8192k, CORE 0k, NPROC 709, NOFILE 10240, AS infinity
load average:2.23 2.24 2.23

CPU:total 4 (2 cores per cpu, 2 threads per core) family 6 model 61 stepping 4, cmov, cx8, fxsr, mmx, sse, sse2, sse3, ssse3, sse4.1, sse4.2, popcnt, avx, avx2, aes, clmul, erms, 3dnowpref, lzcnt, ht, tsc, tscinvbit, bmi1, bmi2, adx

Memory: 4k page, physical 16777216k(67104k free)

/proc/meminfo:


vm_info: Java HotSpot(TM) 64-Bit Server VM (25.72-b15) for bsd-amd64 JRE (1.8.0_72-b15), built on Dec 22 2015 15:43:34 by "java_re" with gcc 4.2.1 (Based on Apple Inc. build 5658) (LLVM build 2336.11.00)

time: Sun May 29 20:49:12 2016
elapsed time: 20270 seconds (0d 5h 37m 50s)

